<?xml version="1.0" encoding="UTF-8" ?>
<testsuite tests="1" failures="0" name="cn.softzeng.OSSTest" time="0.53" errors="0" skipped="0">
  <properties>
    <property name="java.runtime.name" value="Java(TM) SE Runtime Environment"/>
    <property name="sun.boot.library.path" value="D:\Work File\Java\jdk1.8.0_101\jre\bin"/>
    <property name="java.vm.version" value="25.101-b13"/>
    <property name="java.vm.vendor" value="Oracle Corporation"/>
    <property name="maven.multiModuleProjectDirectory" value="D:\JavaProject\SZBlog"/>
    <property name="java.vendor.url" value="http://java.oracle.com/"/>
    <property name="path.separator" value=";"/>
    <property name="guice.disable.misplaced.annotation.check" value="true"/>
    <property name="java.vm.name" value="Java HotSpot(TM) 64-Bit Server VM"/>
    <property name="file.encoding.pkg" value="sun.io"/>
    <property name="user.script" value=""/>
    <property name="user.country" value="CN"/>
    <property name="sun.java.launcher" value="SUN_STANDARD"/>
    <property name="sun.os.patch.level" value=""/>
    <property name="java.vm.specification.name" value="Java Virtual Machine Specification"/>
    <property name="user.dir" value="D:\JavaProject\SZBlog"/>
    <property name="java.runtime.version" value="1.8.0_101-b13"/>
    <property name="java.awt.graphicsenv" value="sun.awt.Win32GraphicsEnvironment"/>
    <property name="java.endorsed.dirs" value="D:\Work File\Java\jdk1.8.0_101\jre\lib\endorsed"/>
    <property name="os.arch" value="amd64"/>
    <property name="java.io.tmpdir" value="C:\Users\YUNHON~1\AppData\Local\Temp\"/>
    <property name="line.separator" value="
"/>
    <property name="java.vm.specification.vendor" value="Oracle Corporation"/>
    <property name="user.variant" value=""/>
    <property name="os.name" value="Windows 10"/>
    <property name="idea.version2020.1" value="true"/>
    <property name="maven.ext.class.path" value="D:\Work File\IntelliJ IDEA 2020.1\plugins\maven\lib\maven-event-listener.jar"/>
    <property name="classworlds.conf" value="D:\Work File\apache-maven-3.5.4\bin\m2.conf"/>
    <property name="sun.jnu.encoding" value="GBK"/>
    <property name="java.library.path" value="D:\Work File\Java\jdk1.8.0_101\bin;C:\Windows\Sun\Java\bin;C:\Windows\system32;C:\Windows;D:\Work File\VMware\bin\;C:\ProgramData\Oracle\Java\javapath;C:\Windows\system32;C:\Windows;C:\Windows\System32\Wbem;C:\Windows\System32\WindowsPowerShell\v1.0\;C:\Windows\System32\OpenSSH\;C:\Program Files (x86)\NVIDIA Corporation\PhysX\Common;C:\Program Files\NVIDIA Corporation\NVIDIA NvDLISR;D:\Work File\Java\jdk1.8.0_101\bin;D:\Work File\Java\jdk1.8.0_101\jre\bin;C:\Program Files (x86)\MySQL\MySQL Server 5.5\bin;D:\Work File\Git\cmd;C:\Program Files\dotnet\;D:\Work File\微信web开发者工具\dll;D:\Work File\XShell7\;D:\WorkFileNew\nodejs;D:\Windows Kits\10\Windows Performance Toolkit\;D:\WorkFileNew\erl10.5\bin;D:\WorkFileNew\RabbitMQ Server\rabbitmq_server-3.12.10\sbin;C:\Program Files\Redis\;D:\Work File\apache-maven-3.5.4\bin;%NVM_HOME%;%NVM_SYMLINK%;C:\Users\Yunhong Zeng\AppData\Local\Microsoft\WindowsApps;D:\nvm;D:\nodejs;."/>
    <property name="maven.conf" value="D:\Work File\apache-maven-3.5.4/conf"/>
    <property name="java.specification.name" value="Java Platform API Specification"/>
    <property name="java.class.version" value="52.0"/>
    <property name="sun.management.compiler" value="HotSpot 64-Bit Tiered Compilers"/>
    <property name="maven.repo.local" value="D:\Work File\maven\myrepository"/>
    <property name="os.version" value="10.0"/>
    <property name="user.home" value="C:\Users\Yunhong Zeng"/>
    <property name="user.timezone" value="Asia/Shanghai"/>
    <property name="java.awt.printerjob" value="sun.awt.windows.WPrinterJob"/>
    <property name="java.specification.version" value="1.8"/>
    <property name="file.encoding" value="UTF-8"/>
    <property name="user.name" value="Yunhong Zeng"/>
    <property name="java.class.path" value="D:\Work File\apache-maven-3.5.4\boot\plexus-classworlds-2.5.2.jar;D:\Work File\IntelliJ IDEA 2020.1\lib\idea_rt.jar"/>
    <property name="java.vm.specification.version" value="1.8"/>
    <property name="sun.arch.data.model" value="64"/>
    <property name="java.home" value="D:\Work File\Java\jdk1.8.0_101\jre"/>
    <property name="sun.java.command" value="org.codehaus.classworlds.Launcher -Didea.version2020.1 -s D:\Work File\apache-maven-3.5.4\conf\settings.xml -Dmaven.repo.local=D:\Work File\maven\myrepository package"/>
    <property name="java.specification.vendor" value="Oracle Corporation"/>
    <property name="user.language" value="zh"/>
    <property name="awt.toolkit" value="sun.awt.windows.WToolkit"/>
    <property name="java.vm.info" value="mixed mode"/>
    <property name="java.version" value="1.8.0_101"/>
    <property name="java.ext.dirs" value="D:\Work File\Java\jdk1.8.0_101\jre\lib\ext;C:\Windows\Sun\Java\lib\ext"/>
    <property name="sun.boot.class.path" value="D:\Work File\Java\jdk1.8.0_101\jre\lib\resources.jar;D:\Work File\Java\jdk1.8.0_101\jre\lib\rt.jar;D:\Work File\Java\jdk1.8.0_101\jre\lib\sunrsasign.jar;D:\Work File\Java\jdk1.8.0_101\jre\lib\jsse.jar;D:\Work File\Java\jdk1.8.0_101\jre\lib\jce.jar;D:\Work File\Java\jdk1.8.0_101\jre\lib\charsets.jar;D:\Work File\Java\jdk1.8.0_101\jre\lib\jfr.jar;D:\Work File\Java\jdk1.8.0_101\jre\classes"/>
    <property name="java.vendor" value="Oracle Corporation"/>
    <property name="maven.home" value="D:\Work File\apache-maven-3.5.4"/>
    <property name="file.separator" value="\"/>
    <property name="java.vendor.url.bug" value="http://bugreport.sun.com/bugreport/"/>
    <property name="sun.cpu.endian" value="little"/>
    <property name="sun.io.unicode.encoding" value="UnicodeLittle"/>
    <property name="sun.desktop" value="windows"/>
    <property name="sun.cpu.isalist" value="amd64"/>
  </properties>
  <testcase classname="cn.softzeng.OSSTest" name="cn.softzeng.OSSTest.testOss" time="0.53"/>
</testsuite>